<?xml version="1.0" encoding="UTF-8"?>
<!-- Generated by org.testng.reporters.JUnitXMLReporter -->
<testsuite hostname="USHYDRGAJUL5" ignored="0" name="Default test" tests="3" failures="0" timestamp="25 Jun 2019 18:20:02 GMT" time="16.059" errors="0">
  <testcase name="TestFormy" time="1.788" classname="TestNG.TestNGDemo"/>
  <testcase name="TestFormy" time="1.658" classname="TestNG.TestNGDemo"/>
  <testcase name="TestFormy" time="1.228" classname="TestNG.TestNGDemo"/>
</testsuite> <!-- Default test -->
