<?xml version="1.0" encoding="UTF-8"?>
<!-- Generated by org.testng.reporters.JUnitXMLReporter -->
<testsuite hostname="USHYDRGAJUL5" ignored="0" name="Default test" tests="3" failures="0" timestamp="31 Mar 2019 09:46:42 GMT" time="11.291" errors="0">
  <testcase name="TestFormy" time="1.315" classname="TestNG.TestNGDemo"/>
  <testcase name="TestFormy" time="1.392" classname="TestNG.TestNGDemo"/>
  <testcase name="TestFormy" time="1.042" classname="TestNG.TestNGDemo"/>
</testsuite> <!-- Default test -->
