<?xml version="1.0" encoding="UTF-8"?>
<!-- Generated by org.testng.reporters.JUnitXMLReporter -->
<testsuite hostname="USHYDRGAJUL5" ignored="0" name="Test" tests="3" failures="0" timestamp="28 Mar 2019 12:16:04 GMT" time="0.696" errors="0">
  <testcase name="printExcel" time="0.008" classname="DataProvider.ExcelTestDataProviderDemo"/>
  <testcase name="printExcel" time="0.003" classname="DataProvider.ExcelTestDataProviderDemo"/>
  <testcase name="printExcel" time="0.003" classname="DataProvider.ExcelTestDataProviderDemo"/>
</testsuite> <!-- Test -->
