<?xml version="1.0" encoding="UTF-8"?>
<!-- Generated by org.testng.reporters.JUnitXMLReporter -->
<testsuite hostname="USHYDRGAJUL5" ignored="0" name="Test" tests="3" failures="0" timestamp="25 Jun 2019 18:16:38 GMT" time="0.93" errors="0">
  <testcase name="printExcel" time="0.01" classname="DataProvider.ExcelTestDataProviderDemo"/>
  <testcase name="printExcel" time="0.005" classname="DataProvider.ExcelTestDataProviderDemo"/>
  <testcase name="printExcel" time="0.003" classname="DataProvider.ExcelTestDataProviderDemo"/>
</testsuite> <!-- Test -->
