<?xml version="1.0" encoding="UTF-8"?>
<!-- Generated by org.testng.reporters.JUnitXMLReporter -->
<testsuite hostname="USHYDRGAJUL5" ignored="0" name="Test" tests="6" failures="0" timestamp="25 Jun 2019 18:20:35 GMT" time="15.404" errors="0">
  <testcase name="printExcel" time="0.001" classname="DataProvider.ExcelTestDataProviderDemo"/>
  <testcase name="printExcel" time="0.001" classname="DataProvider.ExcelTestDataProviderDemo"/>
  <testcase name="printExcel" time="0.0" classname="DataProvider.ExcelTestDataProviderDemo"/>
  <testcase name="TestFormy" time="1.612" classname="TestNG.TestNGDemo"/>
  <testcase name="TestFormy" time="1.406" classname="TestNG.TestNGDemo"/>
  <testcase name="TestFormy" time="1.388" classname="TestNG.TestNGDemo"/>
</testsuite> <!-- Test -->
