<?xml version="1.0" encoding="UTF-8"?>
<testng-results skipped="0" failed="0" ignored="0" total="3" passed="3">
  <reporter-output>
  </reporter-output>
  <suite name="Default suite" duration-ms="11291" started-at="2019-03-31T09:46:31Z" finished-at="2019-03-31T09:46:42Z">
    <groups>
    </groups>
    <test name="Default test" duration-ms="11291" started-at="2019-03-31T09:46:31Z" finished-at="2019-03-31T09:46:42Z">
      <class name="TestNG.TestNGDemo">
        <test-method status="PASS" signature="setup()[pri:0, instance:TestNG.TestNGDemo@4501b7af]" name="setup" is-config="true" duration-ms="6458" started-at="2019-03-31T09:46:31Z" finished-at="2019-03-31T09:46:38Z">
          <reporter-output>
          </reporter-output>
        </test-method> <!-- setup -->
        <test-method status="PASS" signature="TestFormy(java.lang.String, java.lang.String)[pri:0, instance:TestNG.TestNGDemo@4501b7af]" name="TestFormy" duration-ms="1315" started-at="2019-03-31T09:46:38Z" data-provider="DataProvider" finished-at="2019-03-31T09:46:39Z">
          <params>
            <param index="0">
              <value>
                <![CDATA[Ravi]]>
              </value>
            </param>
            <param index="1">
              <value>
                <![CDATA[Gajul]]>
              </value>
            </param>
          </params>
          <reporter-output>
          </reporter-output>
        </test-method> <!-- TestFormy -->
        <test-method status="PASS" signature="TestFormy(java.lang.String, java.lang.String)[pri:0, instance:TestNG.TestNGDemo@4501b7af]" name="TestFormy" duration-ms="1392" started-at="2019-03-31T09:46:39Z" data-provider="DataProvider" finished-at="2019-03-31T09:46:40Z">
          <params>
            <param index="0">
              <value>
                <![CDATA[Krishna]]>
              </value>
            </param>
            <param index="1">
              <value>
                <![CDATA[Chaitanya]]>
              </value>
            </param>
          </params>
          <reporter-output>
          </reporter-output>
        </test-method> <!-- TestFormy -->
        <test-method status="PASS" signature="TestFormy(java.lang.String, java.lang.String)[pri:0, instance:TestNG.TestNGDemo@4501b7af]" name="TestFormy" duration-ms="1042" started-at="2019-03-31T09:46:40Z" data-provider="DataProvider" finished-at="2019-03-31T09:46:41Z">
          <params>
            <param index="0">
              <value>
                <![CDATA[Rajesh]]>
              </value>
            </param>
            <param index="1">
              <value>
                <![CDATA[S]]>
              </value>
            </param>
          </params>
          <reporter-output>
          </reporter-output>
        </test-method> <!-- TestFormy -->
        <test-method status="PASS" signature="tearDown()[pri:0, instance:TestNG.TestNGDemo@4501b7af]" name="tearDown" is-config="true" duration-ms="1042" started-at="2019-03-31T09:46:41Z" finished-at="2019-03-31T09:46:42Z">
          <reporter-output>
          </reporter-output>
        </test-method> <!-- tearDown -->
      </class> <!-- TestNG.TestNGDemo -->
    </test> <!-- Default test -->
  </suite> <!-- Default suite -->
</testng-results>
